<?xml version="1.0" encoding="UTF-8" ?>
<testsuite errors="0" failures="0" hostname="IP-118-202-12-198.neu.edu.cn" name="neustt.fourinarow.tests.GridPositionTest" skipped="0" tests="15" time="0.196" timestamp="2018-04-18T07:59:56">
  <properties>
[...]
</properties>
  <testcase classname="neustt.fourinarow.tests.GridPositionTest" name="shouldSetRowWithZeroValue" time="0.132" />
  <testcase classname="neustt.fourinarow.tests.GridPositionTest" name="shouldEqualsNotWorkWhenColumnIsDifferent" time="0.0" />
  <testcase classname="neustt.fourinarow.tests.GridPositionTest" name="shouldSetColumnWithNullValue" time="0.0" />
  <testcase classname="neustt.fourinarow.tests.GridPositionTest" name="shouldEqualsWork" time="0.0" />
  <testcase classname="neustt.fourinarow.tests.GridPositionTest" name="shouldSetRowWithNullValue" time="0.0" />
  <testcase classname="neustt.fourinarow.tests.GridPositionTest" name="shouldThrowExceptionIfColumnIsNegative" time="0.0" />
  <testcase classname="neustt.fourinarow.tests.GridPositionTest" name="shouldEqualsNotWorkWhenRowIsDifferent" time="0.0" />
  <testcase classname="neustt.fourinarow.tests.GridPositionTest" name="shouldThrowExceptionIfRowIsNegative" time="0.0" />
  <testcase classname="neustt.fourinarow.tests.GridPositionTest" name="shouldSetColumnWithPositiveValue" time="0.0" />
  <testcase classname="neustt.fourinarow.tests.GridPositionTest" name="shouldCreateGridPositionWithPositiveValues" time="0.0" />
  <testcase classname="neustt.fourinarow.tests.GridPositionTest" name="shouldToStringWorkCorrectly" time="0.0" />
  <testcase classname="neustt.fourinarow.tests.GridPositionTest" name="shouldSetRowWithPositiveValue" time="0.0" />
  <testcase classname="neustt.fourinarow.tests.GridPositionTest" name="shouldSetColumnWithValueOne" time="0.0" />
  <testcase classname="neustt.fourinarow.tests.GridPositionTest" name="shouldSetRowWithValueOne" time="0.0" />
  <testcase classname="neustt.fourinarow.tests.GridPositionTest" name="shouldSetColumnWithZeroValue" time="0.0" />
  <system-out><![CDATA[]]></system-out>
  <system-err><![CDATA[]]></system-err>
</testsuite>
