<?xml version="1.0" encoding="UTF-8" ?>
<testsuites>
  <testsuite errors="0" failures="0" hostname="IP-118-202-12-198.neu.edu.cn" id="0" name="BoardCellStatusTest" package="neustt.fourinarow.tests" skipped="0" tests="4" time="0.195" timestamp="2018-04-18T07:59:53">
      <properties>
[...]
</properties>

      <testcase classname="neustt.fourinarow.tests.BoardCellStatusTest" name="shouldGetColorWithEMPTY" time="0.142" />

      <testcase classname="neustt.fourinarow.tests.BoardCellStatusTest" name="shouldGetColorWithPLAYER_ONE" time="0.001" />

      <testcase classname="neustt.fourinarow.tests.BoardCellStatusTest" name="shouldGetColorWithPLAYER_TWO" time="0.0" />

      <testcase classname="neustt.fourinarow.tests.BoardCellStatusTest" name="isEmpty" time="0.001" />

      <system-out><![CDATA[]]></system-out>

      <system-err><![CDATA[]]></system-err>

  </testsuite>
  <testsuite errors="0" failures="0" hostname="IP-118-202-12-198.neu.edu.cn" id="1" name="FourInARowLogicTest" package="neustt.fourinarow.tests" skipped="0" tests="45" time="0.214" timestamp="2018-04-18T07:59:55">
      <properties>
[...]
</properties>

      <testcase classname="neustt.fourinarow.tests.FourInARowLogicTest" name="shouldFindAColumn4ComputerWork" time="0.136" />

      <testcase classname="neustt.fourinarow.tests.FourInARowLogicTest" name="shouldWinWhenFourInARowFromLeftHighToRightLowDiagonally" time="0.0" />

      <testcase classname="neustt.fourinarow.tests.FourInARowLogicTest" name="shouldNotWinWhenDiscreteFourInARowFromLeftHighToRightLowDiagonally2" time="0.0" />

      <testcase classname="neustt.fourinarow.tests.FourInARowLogicTest" name="shouldIsTwoPlayModeInitializeWithFalse" time="0.0" />

      <testcase classname="neustt.fourinarow.tests.FourInARowLogicTest" name="shouldNotWinWhenBoardIsEmptyWhenCheckVertically" time="0.0" />

      <testcase classname="neustt.fourinarow.tests.FourInARowLogicTest" name="shouldNotWinWhenThreeInARowVertically" time="0.0" />

      <testcase classname="neustt.fourinarow.tests.FourInARowLogicTest" name="shouldNotWinWhenThreeInARowFromLeftHighToRightLowDiagonally" time="0.0" />

      <testcase classname="neustt.fourinarow.tests.FourInARowLogicTest" name="shouldWinWhenFourInARowHorizontally" time="0.0" />

      <testcase classname="neustt.fourinarow.tests.FourInARowLogicTest" name="shouldNotWinWhenDiscreteFourInARowFromLeftHighToRightLowDiagonally" time="0.0" />

      <testcase classname="neustt.fourinarow.tests.FourInARowLogicTest" name="shouldWinWhenFiveInARowVertically" time="0.0" />

      <testcase classname="neustt.fourinarow.tests.FourInARowLogicTest" name="shouldCheckEmptyRowNumberReturnTheFirstEmptyRowNumberInSelectedColumn" time="0.0" />

      <testcase classname="neustt.fourinarow.tests.FourInARowLogicTest" name="shouldSetTwoPlayModeCorrectly" time="0.001" />

      <testcase classname="neustt.fourinarow.tests.FourInARowLogicTest" name="shouldCheckEmptyRowNumberThrowTheExceptionWhenTheBoardIsFull" time="0.0" />

      <testcase classname="neustt.fourinarow.tests.FourInARowLogicTest" name="shouldWinWhenFiveInARowHorizontally" time="0.0" />

      <testcase classname="neustt.fourinarow.tests.FourInARowLogicTest" name="testGetGridPositionForNode" time="0.0" />

      <testcase classname="neustt.fourinarow.tests.FourInARowLogicTest" name="shouldWinWhenFiveInARowFromLeftLowToRightHighDiagonally" time="0.0" />

      <testcase classname="neustt.fourinarow.tests.FourInARowLogicTest" name="shouldTakeTurnWork" time="0.0" />

      <testcase classname="neustt.fourinarow.tests.FourInARowLogicTest" name="shouldNotWinWhenBoardIsEmptyWhenCheckHorizontally" time="0.0" />

      <testcase classname="neustt.fourinarow.tests.FourInARowLogicTest" name="shouldNotWinWhenDiscreteFourInARowVertically" time="0.0" />

      <testcase classname="neustt.fourinarow.tests.FourInARowLogicTest" name="shouldWinWhenFourInARowVertically" time="0.0" />

      <testcase classname="neustt.fourinarow.tests.FourInARowLogicTest" name="shouldUndoWorkCorrectlyWhenCompareWithNewSituation" time="0.0" />

      <testcase classname="neustt.fourinarow.tests.FourInARowLogicTest" name="shouldEqualWithTwoNullBoard" time="0.001" />

      <testcase classname="neustt.fourinarow.tests.FourInARowLogicTest" name="shouldNotEqualWithOneNullBoard2" time="0.0" />

      <testcase classname="neustt.fourinarow.tests.FourInARowLogicTest" name="shouldShowAllMovesByPlayer1" time="0.0" />

      <testcase classname="neustt.fourinarow.tests.FourInARowLogicTest" name="shouldShowAllMovesByPlayer2" time="0.001" />

      <testcase classname="neustt.fourinarow.tests.FourInARowLogicTest" name="shouldWinWhenFourInARowFromLeftLowToRightHighDiagonally" time="0.0" />

      <testcase classname="neustt.fourinarow.tests.FourInARowLogicTest" name="shouldGetPlayerCorrectly" time="0.0" />

      <testcase classname="neustt.fourinarow.tests.FourInARowLogicTest" name="shouldNotWinWhenDiscreteFourInARowHorizontally" time="0.0" />

      <testcase classname="neustt.fourinarow.tests.FourInARowLogicTest" name="shouldCreateFourInARowLogicCorrectly" time="0.0" />

      <testcase classname="neustt.fourinarow.tests.FourInARowLogicTest" name="shouldNotWinWhenThreeInARowHorizontally" time="0.0" />

      <testcase classname="neustt.fourinarow.tests.FourInARowLogicTest" name="shouldFindAColumn4ComputerThrowExceptionWhenTheBoardIsFull" time="0.0" />

      <testcase classname="neustt.fourinarow.tests.FourInARowLogicTest" name="shouldInitialiseBoardWork" time="0.0" />

      <testcase classname="neustt.fourinarow.tests.FourInARowLogicTest" name="shouldGetBoard" time="0.0" />

      <testcase classname="neustt.fourinarow.tests.FourInARowLogicTest" name="shouldNotWinWhenBoardIsEmptyWhenCheckDiagonally" time="0.0" />

      <testcase classname="neustt.fourinarow.tests.FourInARowLogicTest" name="shouldRedoWorkCorrectlyWhenColumnIsFull" time="0.0" />

      <testcase classname="neustt.fourinarow.tests.FourInARowLogicTest" name="shouldRedoWorkCorrectlyWhenUndoIsNull" time="0.0" />

      <testcase classname="neustt.fourinarow.tests.FourInARowLogicTest" name="testAddLog" time="0.0" />

      <testcase classname="neustt.fourinarow.tests.FourInARowLogicTest" name="shouldRedoWorkCorrectlyInNormalSituation" time="0.001" />

      <testcase classname="neustt.fourinarow.tests.FourInARowLogicTest" name="shouldUndoWorkCorrectlyWhenCompareWithPreviousSituation" time="0.0" />

      <testcase classname="neustt.fourinarow.tests.FourInARowLogicTest" name="shouldSetPlayerCorrectly" time="0.0" />

      <testcase classname="neustt.fourinarow.tests.FourInARowLogicTest" name="shouldNotWinWhenThreeInARowFromLeftLowToRightHighDiagonally" time="0.0" />

      <testcase classname="neustt.fourinarow.tests.FourInARowLogicTest" name="shouldNotEqualWithOneNullBoard" time="0.0" />

      <testcase classname="neustt.fourinarow.tests.FourInARowLogicTest" name="shouldWinWhenFiveInARowFromLeftHighToRightLowDiagonally" time="0.0" />

      <testcase classname="neustt.fourinarow.tests.FourInARowLogicTest" name="shouldUndoWorkCorrectlyWhenCompareWhenColumnIsEmpty" time="0.0" />

      <testcase classname="neustt.fourinarow.tests.FourInARowLogicTest" name="shouldNotWinWhenDiscreteFourInARowFromLeftLowToRightHighDiagonally" time="0.0" />

      <system-out><![CDATA[PLAYER_ONE
EMPTY]]></system-out>

      <system-err><![CDATA[]]></system-err>

  </testsuite>
  <testsuite errors="0" failures="0" hostname="IP-118-202-12-198.neu.edu.cn" id="2" name="GridPositionTest" package="neustt.fourinarow.tests" skipped="0" tests="15" time="0.196" timestamp="2018-04-18T07:59:56">
      <properties>
[...]
</properties>

      <testcase classname="neustt.fourinarow.tests.GridPositionTest" name="shouldSetRowWithZeroValue" time="0.132" />

      <testcase classname="neustt.fourinarow.tests.GridPositionTest" name="shouldEqualsNotWorkWhenColumnIsDifferent" time="0.0" />

      <testcase classname="neustt.fourinarow.tests.GridPositionTest" name="shouldSetColumnWithNullValue" time="0.0" />

      <testcase classname="neustt.fourinarow.tests.GridPositionTest" name="shouldEqualsWork" time="0.0" />

      <testcase classname="neustt.fourinarow.tests.GridPositionTest" name="shouldSetRowWithNullValue" time="0.0" />

      <testcase classname="neustt.fourinarow.tests.GridPositionTest" name="shouldThrowExceptionIfColumnIsNegative" time="0.0" />

      <testcase classname="neustt.fourinarow.tests.GridPositionTest" name="shouldEqualsNotWorkWhenRowIsDifferent" time="0.0" />

      <testcase classname="neustt.fourinarow.tests.GridPositionTest" name="shouldThrowExceptionIfRowIsNegative" time="0.0" />

      <testcase classname="neustt.fourinarow.tests.GridPositionTest" name="shouldSetColumnWithPositiveValue" time="0.0" />

      <testcase classname="neustt.fourinarow.tests.GridPositionTest" name="shouldCreateGridPositionWithPositiveValues" time="0.0" />

      <testcase classname="neustt.fourinarow.tests.GridPositionTest" name="shouldToStringWorkCorrectly" time="0.0" />

      <testcase classname="neustt.fourinarow.tests.GridPositionTest" name="shouldSetRowWithPositiveValue" time="0.0" />

      <testcase classname="neustt.fourinarow.tests.GridPositionTest" name="shouldSetColumnWithValueOne" time="0.0" />

      <testcase classname="neustt.fourinarow.tests.GridPositionTest" name="shouldSetRowWithValueOne" time="0.0" />

      <testcase classname="neustt.fourinarow.tests.GridPositionTest" name="shouldSetColumnWithZeroValue" time="0.0" />

      <system-out><![CDATA[]]></system-out>

      <system-err><![CDATA[]]></system-err>

  </testsuite>
</testsuites>
